0 info it worked if it ends with ok
1 verbose cli [ 'E:\\Program Files\\nodejs\\\\node.exe',
1 verbose cli   'E:\\Program Files\\nodejs\\node_modules\\npm\\bin\\npm-cli.js',
1 verbose cli   'test' ]
2 info using npm@1.2.18
3 info using node@v0.10.4
4 verbose node symlink E:\Program Files\nodejs\\node.exe
5 verbose read json E:\Git\AjLispPython\package.json
6 error Error: ENOENT, open 'E:\Git\AjLispPython\package.json'
7 error If you need help, you may report this log at:
7 error     <http://github.com/isaacs/npm/issues>
7 error or email it to:
7 error     <npm-@googlegroups.com>
8 error System Windows_NT 6.2.9200
9 error command "E:\\Program Files\\nodejs\\\\node.exe" "E:\\Program Files\\nodejs\\node_modules\\npm\\bin\\npm-cli.js" "test"
10 error cwd E:\Git\AjLispPython
11 error node -v v0.10.4
12 error npm -v 1.2.18
13 error path E:\Git\AjLispPython\package.json
14 error code ENOENT
15 error errno 34
16 verbose exit [ 34, true ]
